src/app/admin/layout.tsx(24,18): error TS2339: Property 'role' does not exist on type 'never'.
src/app/admin/orders/page.tsx(49,51): error TS2339: Property 'profiles' does not exist on type 'never'.
src/app/admin/orders/page.tsx(54,39): error TS2339: Property 'order_items' does not exist on type 'never'.
src/app/admin/orders/page.tsx(63,48): error TS2339: Property 'id' does not exist on type 'never'.
src/app/admin/orders/page.tsx(68,53): error TS2339: Property 'id' does not exist on type 'never'.
src/app/admin/orders/page.tsx(80,57): error TS2339: Property 'created_at' does not exist on type 'never'.
src/app/admin/orders/page.tsx(88,60): error TS2339: Property 'total' does not exist on type 'never'.
src/app/admin/orders/page.tsx(91,77): error TS2339: Property 'status' does not exist on type 'never'.
src/app/admin/orders/page.tsx(92,52): error TS2339: Property 'status' does not exist on type 'never'.
src/app/admin/page.tsx(22,59): error TS2339: Property 'total' does not exist on type 'never'.
src/app/admin/page.tsx(80,44): error TS2339: Property 'id' does not exist on type 'never'.
src/app/admin/page.tsx(85,49): error TS2339: Property 'id' does not exist on type 'never'.
src/app/admin/page.tsx(88,49): error TS2339: Property 'profiles' does not exist on type 'never'.
src/app/admin/page.tsx(93,50): error TS2339: Property 'total' does not exist on type 'never'.
src/app/admin/page.tsx(95,89): error TS2339: Property 'status' does not exist on type 'never'.
src/app/admin/products/page.tsx(45,46): error TS2339: Property 'id' does not exist on type 'never'.
src/app/admin/products/page.tsx(51,50): error TS2339: Property 'images' does not exist on type 'never'.
src/app/admin/products/page.tsx(53,62): error TS2339: Property 'images' does not exist on type 'never'.
src/app/admin/products/page.tsx(54,62): error TS2339: Property 'name' does not exist on type 'never'.
src/app/admin/products/page.tsx(67,54): error TS2339: Property 'name' does not exist on type 'never'.
src/app/admin/products/page.tsx(70,55): error TS2339: Property 'categories' does not exist on type 'never'.
src/app/admin/products/page.tsx(77,58): error TS2339: Property 'price' does not exist on type 'never'.
src/app/admin/products/page.tsx(81,78): error TS2339: Property 'stock' does not exist on type 'never'.
src/app/admin/products/page.tsx(86,58): error TS2339: Property 'is_active' does not exist on type 'never'.
src/app/admin/products/page.tsx(88,50): error TS2339: Property 'is_active' does not exist on type 'never'.
src/app/admin/products/page.tsx(95,74): error TS2339: Property 'id' does not exist on type 'never'.
src/app/admin/products/page.tsx(101,60): error TS2339: Property 'id' does not exist on type 'never'.
src/app/admin/products/page.tsx(102,62): error TS2339: Property 'name' does not exist on type 'never'.
src/app/api/webhooks/stripe/route.ts(52,14): error TS2769: No overload matches this call.
  Overload 1 of 2, '(values: never, options?: { count?: "exact" | "planned" | "estimated" | undefined; } | undefined): PostgrestFilterBuilder<{ PostgrestVersion: "12"; }, never, never, null, "orders", never, "POST">', gave the following error.
    Argument of type '{ user_id: string; status: string; total: number; stripe_session_id: string; stripe_payment_intent_id: string; }' is not assignable to parameter of type 'never'.
  Overload 2 of 2, '(values: never[], options?: { count?: "exact" | "planned" | "estimated" | undefined; defaultToNull?: boolean | undefined; } | undefined): PostgrestFilterBuilder<{ PostgrestVersion: "12"; }, never, never, null, "orders", never, "POST">', gave the following error.
    Object literal may only specify known properties, and 'user_id' does not exist in type 'never[]'.
src/app/api/webhooks/stripe/route.ts(72,29): error TS2339: Property 'id' does not exist on type 'never'.
src/app/api/webhooks/stripe/route.ts(80,21): error TS2769: No overload matches this call.
  Overload 1 of 2, '(values: never, options?: { count?: "exact" | "planned" | "estimated" | undefined; } | undefined): PostgrestFilterBuilder<{ PostgrestVersion: "12"; }, never, never, null, "order_items", never, "POST">', gave the following error.
    Argument of type '{ order_id: any; product_id: string; quantity: number; price: number; }[]' is not assignable to parameter of type 'never'.
  Overload 2 of 2, '(values: never[], options?: { count?: "exact" | "planned" | "estimated" | undefined; defaultToNull?: boolean | undefined; } | undefined): PostgrestFilterBuilder<{ PostgrestVersion: "12"; }, never, never, null, "order_items", never, "POST">', gave the following error.
    Argument of type '{ order_id: any; product_id: string; quantity: number; price: number; }[]' is not assignable to parameter of type 'never[]'.
      Type '{ order_id: any; product_id: string; quantity: number; price: number; }' is not assignable to type 'never'.
src/app/categories/[slug]/page.tsx(36,61): error TS2339: Property 'name' does not exist on type 'never'.
src/app/categories/[slug]/page.tsx(42,31): error TS2339: Property 'name' does not exist on type 'never'.
src/app/categories/[slug]/page.tsx(44,27): error TS2339: Property 'description' does not exist on type 'never'.
src/app/categories/[slug]/page.tsx(45,62): error TS2339: Property 'description' does not exist on type 'never'.
src/app/categories/[slug]/page.tsx(59,34): error TS2339: Property 'id' does not exist on type 'never'.
src/app/categories/[slug]/page.tsx(60,50): error TS2339: Property 'slug' does not exist on type 'never'.
src/app/categories/[slug]/page.tsx(61,104): error TS2339: Property 'slug' does not exist on type 'never'.
src/app/categories/[slug]/page.tsx(66,30): error TS2339: Property 'name' does not exist on type 'never'.
src/app/categories/page.tsx(19,39): error TS2339: Property 'id' does not exist on type 'never'.
src/app/categories/page.tsx(20,55): error TS2339: Property 'slug' does not exist on type 'never'.
src/app/categories/page.tsx(26,39): error TS2339: Property 'name' does not exist on type 'never'.
src/app/categories/page.tsx(28,35): error TS2339: Property 'description' does not exist on type 'never'.
src/app/categories/page.tsx(30,43): error TS2339: Property 'description' does not exist on type 'never'.
src/app/page.tsx(167,25): error TS2339: Property 'id' does not exist on type 'never'.
src/app/page.tsx(168,41): error TS2339: Property 'slug' does not exist on type 'never'.
src/app/page.tsx(173,23): error TS2339: Property 'name' does not exist on type 'never'.
src/app/page.tsx(175,21): error TS2339: Property 'description' does not exist on type 'never'.
src/app/page.tsx(176,62): error TS2339: Property 'description' does not exist on type 'never'.
src/app/products/page.tsx(33,52): error TS2339: Property 'slug' does not exist on type 'never'.
src/app/products/page.tsx(33,72): error TS2339: Property 'name' does not exist on type 'never'.
src/app/profile/page.tsx(50,39): error TS2339: Property 'full_name' does not exist on type 'never'.
src/components/admin/product-form.tsx(100,25): error TS2345: Argument of type '{ name: string; slug: string; description: string | null; price: number; compare_at_price: number | null; category_id: string | null; stock: number; is_featured: boolean; is_active: boolean; images: string[]; }' is not assignable to parameter of type 'never'.
src/components/admin/product-form.tsx(111,70): error TS2769: No overload matches this call.
  Overload 1 of 2, '(values: never, options?: { count?: "exact" | "planned" | "estimated" | undefined; } | undefined): PostgrestFilterBuilder<{ PostgrestVersion: "12"; }, never, never, null, "products", never, "POST">', gave the following error.
    Argument of type '{ name: string; slug: string; description: string | null; price: number; compare_at_price: number | null; category_id: string | null; stock: number; is_featured: boolean; is_active: boolean; images: string[]; }' is not assignable to parameter of type 'never'.
  Overload 2 of 2, '(values: never[], options?: { count?: "exact" | "planned" | "estimated" | undefined; defaultToNull?: boolean | undefined; } | undefined): PostgrestFilterBuilder<{ PostgrestVersion: "12"; }, never, never, null, "products", never, "POST">', gave the following error.
    Argument of type '{ name: string; slug: string; description: string | null; price: number; compare_at_price: number | null; category_id: string | null; stock: number; is_featured: boolean; is_active: boolean; images: string[]; }' is not assignable to parameter of type 'never[]'.
      Type '{ name: string; slug: string; description: string | null; price: number; compare_at_price: number | null; category_id: string | null; stock: number; is_featured: boolean; is_active: boolean; images: string[]; }' is missing the following properties from type 'never[]': length, pop, push, concat, and 35 more.
src/providers/cart-provider.tsx(80,30): error TS2339: Property 'id' does not exist on type 'never'.
src/providers/cart-provider.tsx(81,38): error TS2339: Property 'product_id' does not exist on type 'never'.
src/providers/cart-provider.tsx(82,36): error TS2339: Property 'quantity' does not exist on type 'never'.
src/providers/cart-provider.tsx(83,35): error TS2339: Property 'products' does not exist on type 'never'.
src/providers/cart-provider.tsx(104,51): error TS2769: No overload matches this call.
  Overload 1 of 2, '(values: never, options?: { onConflict?: string | undefined; ignoreDuplicates?: boolean | undefined; count?: "exact" | "planned" | "estimated" | undefined; } | undefined): PostgrestFilterBuilder<{ ...; }, ... 5 more ..., "POST">', gave the following error.
    Argument of type '{ user_id: string; product_id: string; quantity: number; }' is not assignable to parameter of type 'never'.
  Overload 2 of 2, '(values: never[], options?: { onConflict?: string | undefined; ignoreDuplicates?: boolean | undefined; count?: "exact" | "planned" | "estimated" | undefined; defaultToNull?: boolean | undefined; } | undefined): PostgrestFilterBuilder<...>', gave the following error.
    Object literal may only specify known properties, and 'user_id' does not exist in type 'never[]'.
src/providers/cart-provider.tsx(131,29): error TS2345: Argument of type '{ quantity: number; }' is not assignable to parameter of type 'never'.
src/providers/cart-provider.tsx(134,51): error TS2769: No overload matches this call.
  Overload 1 of 2, '(values: never, options?: { count?: "exact" | "planned" | "estimated" | undefined; } | undefined): PostgrestFilterBuilder<{ PostgrestVersion: "12"; }, never, never, null, "cart_items", never, "POST">', gave the following error.
    Argument of type '{ user_id: string; product_id: string; quantity: number; }' is not assignable to parameter of type 'never'.
  Overload 2 of 2, '(values: never[], options?: { count?: "exact" | "planned" | "estimated" | undefined; defaultToNull?: boolean | undefined; } | undefined): PostgrestFilterBuilder<{ PostgrestVersion: "12"; }, never, never, null, "cart_items", never, "POST">', gave the following error.
    Object literal may only specify known properties, and 'user_id' does not exist in type 'never[]'.
src/providers/cart-provider.tsx(193,25): error TS2345: Argument of type '{ quantity: number; }' is not assignable to parameter of type 'never'.
src/services/products.ts(40,49): error TS2339: Property 'id' does not exist on type 'never'.
